<?xml version="1.0" encoding="UTF-8"?>
<!-- Generated by org.testng.reporters.JUnitReportReporter -->
<testsuite skipped="0" hostname="DESKTOP-RTOOT5Q" name="temp.LoginTest" tests="3" failures="0" timestamp="2021-05-27T07:42:43 IST" time="0.019" errors="0">
  <testcase name="login" time="0.013" classname="temp.LoginTest"/>
  <testcase name="login" time="0.003" classname="temp.LoginTest"/>
  <testcase name="login" time="0.003" classname="temp.LoginTest"/>
</testsuite> <!-- temp.LoginTest -->
