<?xml version="1.0" encoding="UTF-8"?>
<!-- Generated by org.testng.reporters.JUnitReportReporter -->
<testsuite skipped="0" hostname="DESKTOP-RTOOT5Q" name="qtpselenium.testcases.DeleteStockTest" tests="1" failures="0" timestamp="2021-06-03T07:38:01 IST" time="11.227" errors="0">
  <testcase name="deleteStockTest" time="11.227" classname="qtpselenium.testcases.DeleteStockTest"/>
</testsuite> <!-- qtpselenium.testcases.DeleteStockTest -->
